12:46:28 **** Build of configuration x86_64-debug for project partA_sighandler ****
make -j8 all 
qcc -Vgcc_ntox86_64 -c -Wp,-MMD,build/x86_64-debug/src/partA_sighandler.d,-MT,build/x86_64-debug/src/partA_sighandler.o -o build/x86_64-debug/src/partA_sighandler.o  -Wall -fmessage-length=0 -g -O0 -fno-builtin  src/partA_sighandler.c
qcc -Vgcc_ntox86_64 -o build/x86_64-debug/partA_sighandler   build/x86_64-debug/src/partA_sighandler.o  
12:46:32 **** Incremental Build of configuration x86_64-debug for project partB_sigproc ****
make -j8 all 
make: Nothing to be done for 'all'.
12:46:34 **** Incremental Build of configuration x86_64-debug for project partB_sigproc ****
make -j8 all 
make: Nothing to be done for 'all'.
12:46:34 **** Incremental Build of configuration x86_64-debug for project partB_sigproc ****
make -j8 all 
make: Nothing to be done for 'all'.
12:46:35 **** Incremental Build of configuration x86_64-debug for project partB_sigproc ****
make -j8 all 
make: Nothing to be done for 'all'.
12:46:36 **** Incremental Build of configuration x86_64-debug for project partB_sigproc ****
make -j8 all 
make: Nothing to be done for 'all'.
12:47:45 **** Incremental Build of configuration x86_64-debug for project partA_sighandler ****
make -j8 all 
make: Nothing to be done for 'all'.
